Watching for file changes with StatReloader
[19/May/2026 07:35:04] "GET / HTTP/1.1" 200 8604
[19/May/2026 07:35:27] "GET /products/ HTTP/1.1" 200 5541
[19/May/2026 07:35:29] "GET /services/ HTTP/1.1" 200 5015
[19/May/2026 07:35:30] "GET /sales/new/ HTTP/1.1" 200 29947
[19/May/2026 07:35:32] "GET /expenses/ HTTP/1.1" 200 5140
[19/May/2026 07:35:35] "GET /stock-adjustments/ HTTP/1.1" 200 6723
[19/May/2026 07:35:37] "GET /reports/ HTTP/1.1" 200 16540
[19/May/2026 07:35:38] "GET /categories/ HTTP/1.1" 200 8413
[19/May/2026 07:35:48] "GET / HTTP/1.1" 200 8604
[19/May/2026 07:36:17] "GET /sales/new/ HTTP/1.1" 200 29947
[19/May/2026 07:36:58] "GET /sales/new/ HTTP/1.1" 200 30072
[19/May/2026 07:38:53] "GET / HTTP/1.1" 200 8729
[19/May/2026 07:43:44] "GET / HTTP/1.1" 200 8729
[19/May/2026 07:45:11] "GET / HTTP/1.1" 200 8729
[19/May/2026 07:45:14] "GET / HTTP/1.1" 200 8729
[19/May/2026 07:45:18] "GET / HTTP/1.1" 200 8729
[19/May/2026 07:45:20] "GET / HTTP/1.1" 200 8729
[19/May/2026 07:45:20] "GET /sales/new/ HTTP/1.1" 200 30072
[19/May/2026 07:45:44] "GET /products/ HTTP/1.1" 200 5666
[19/May/2026 07:45:47] "GET /products/new/ HTTP/1.1" 200 8629
[19/May/2026 07:45:52] "GET /sales/new/ HTTP/1.1" 200 30072
[19/May/2026 07:45:54] "GET / HTTP/1.1" 200 8729
[19/May/2026 07:46:01] "GET /categories/ HTTP/1.1" 200 8538
[19/May/2026 07:46:10] "GET /admin/ HTTP/1.1" 302 0
[19/May/2026 07:46:10] "GET /admin/login/?next=/admin/ HTTP/1.1" 200 4084
[19/May/2026 07:46:10] "GET /static/admin/css/base.css HTTP/1.1" 200 23100
[19/May/2026 07:46:10] "GET /static/admin/css/dark_mode.css HTTP/1.1" 200 3538
[19/May/2026 07:46:10] "GET /static/admin/css/nav_sidebar.css HTTP/1.1" 200 2810
[19/May/2026 07:46:10] "GET /static/admin/css/responsive.css HTTP/1.1" 200 16273
[19/May/2026 07:46:10] "GET /static/admin/css/login.css HTTP/1.1" 200 951
[19/May/2026 07:46:10] "GET /static/admin/js/nav_sidebar.js HTTP/1.1" 200 3063
[19/May/2026 07:46:10] "GET /static/admin/js/theme.js HTTP/1.1" 200 1653
[19/May/2026 07:46:22] "GET / HTTP/1.1" 200 8729
[19/May/2026 07:46:28] "GET /stock-adjustments/ HTTP/1.1" 200 6848
[19/May/2026 07:46:31] "GET /products/ HTTP/1.1" 200 5666
[19/May/2026 07:46:35] "GET /categories/ HTTP/1.1" 200 8538
[19/May/2026 07:48:58] "GET /categories/ HTTP/1.1" 200 10914
[19/May/2026 07:50:54] "GET / HTTP/1.1" 200 12632
[19/May/2026 07:51:12] "GET /categories/ HTTP/1.1" 200 10875
[19/May/2026 07:51:14] "GET / HTTP/1.1" 200 12830
[19/May/2026 07:51:19] "GET / HTTP/1.1" 200 12830
[19/May/2026 07:51:27] "GET /sales/new/ HTTP/1.1" 200 35106
[19/May/2026 07:51:38] "GET /sales/new/ HTTP/1.1" 200 35106
[19/May/2026 07:51:40] "GET /products/ HTTP/1.1" 200 8152
[19/May/2026 07:51:41] "GET /services/ HTTP/1.1" 200 7626
[19/May/2026 07:51:42] "GET /expenses/ HTTP/1.1" 200 7751
[19/May/2026 07:51:43] "GET /stock-adjustments/ HTTP/1.1" 200 9334
[19/May/2026 07:51:44] "GET /stock-adjustments/ HTTP/1.1" 200 9334
[19/May/2026 07:51:45] "GET /expenses/ HTTP/1.1" 200 7751
[19/May/2026 07:51:47] "GET /sales/new/ HTTP/1.1" 200 35121
[19/May/2026 07:53:19] "GET /categories/ HTTP/1.1" 200 11024
[19/May/2026 07:53:25] "GET /sales/new/ HTTP/1.1" 200 38537
[19/May/2026 07:53:39] "POST /categories/ HTTP/1.1" 302 0
[19/May/2026 07:53:39] "GET /categories/ HTTP/1.1" 200 11302
[19/May/2026 07:53:53] "POST /categories/ HTTP/1.1" 302 0
[19/May/2026 07:53:53] "GET /categories/ HTTP/1.1" 200 11279
[19/May/2026 07:54:02] "POST /categories/ HTTP/1.1" 302 0
[19/May/2026 07:54:02] "GET /categories/ HTTP/1.1" 200 11255
[19/May/2026 07:54:12] "POST /categories/ HTTP/1.1" 302 0
[19/May/2026 07:54:12] "GET /categories/ HTTP/1.1" 200 11284
[19/May/2026 07:54:15] "POST /categories/ HTTP/1.1" 302 0
[19/May/2026 07:54:16] "GET /categories/ HTTP/1.1" 200 11311
[19/May/2026 07:54:18] "POST /categories/ HTTP/1.1" 302 0
[19/May/2026 07:54:18] "GET /categories/ HTTP/1.1" 200 11334
[19/May/2026 07:54:23] "POST /categories/ HTTP/1.1" 302 0
[19/May/2026 07:54:23] "GET /categories/ HTTP/1.1" 200 11362
[19/May/2026 07:54:31] "POST /categories/ HTTP/1.1" 302 0
[19/May/2026 07:54:31] "GET /categories/ HTTP/1.1" 200 11398
[19/May/2026 07:54:41] "POST /categories/ HTTP/1.1" 302 0
[19/May/2026 07:54:41] "GET /categories/ HTTP/1.1" 200 11433
[19/May/2026 07:55:07] "POST /categories/ HTTP/1.1" 302 0
[19/May/2026 07:55:07] "GET /categories/ HTTP/1.1" 200 11461
[19/May/2026 07:55:13] "POST /categories/ HTTP/1.1" 302 0
[19/May/2026 07:55:13] "GET /categories/ HTTP/1.1" 200 11486
[19/May/2026 07:55:17] "POST /categories/ HTTP/1.1" 302 0
[19/May/2026 07:55:17] "GET /categories/ HTTP/1.1" 200 11512
[19/May/2026 07:55:22] "GET / HTTP/1.1" 200 12830
[19/May/2026 07:55:33] "GET /categories/ HTTP/1.1" 200 11211
[19/May/2026 07:55:35] "GET /sales/new/ HTTP/1.1" 200 38537
[19/May/2026 07:55:35] "GET /products/ HTTP/1.1" 200 8152
[19/May/2026 07:55:37] "GET / HTTP/1.1" 200 12830
[19/May/2026 07:55:38] "GET /sales/new/ HTTP/1.1" 200 38537
[19/May/2026 07:55:42] "GET /products/ HTTP/1.1" 200 8152
[19/May/2026 07:55:51] "GET /products/?q=laptop&stock= HTTP/1.1" 200 8158
[19/May/2026 07:55:53] "GET /products/new/ HTTP/1.1" 200 11424
[19/May/2026 08:01:04] "POST /products/new/ HTTP/1.1" 200 11609
[19/May/2026 08:01:12] "POST /products/new/ HTTP/1.1" 302 0
[19/May/2026 08:01:12] "GET /products/ HTTP/1.1" 200 9382
[19/May/2026 08:01:15] "GET /sales/new/ HTTP/1.1" 200 38849
[19/May/2026 08:02:17] "POST /sales/new/ HTTP/1.1" 302 0
[19/May/2026 08:02:17] "GET /sales/1/ HTTP/1.1" 200 8889
[19/May/2026 08:02:31] "GET / HTTP/1.1" 200 13406
[19/May/2026 08:02:36] "GET /reports/export/?start_date=2026-05-19&end_date=2026-05-19 HTTP/1.1" 200 9593
[19/May/2026 08:03:02] "GET /products/ HTTP/1.1" 200 9090
[19/May/2026 08:03:03] "GET /products/new/ HTTP/1.1" 200 11424
[19/May/2026 08:03:42] "POST /products/new/ HTTP/1.1" 302 0
[19/May/2026 08:03:42] "GET /products/ HTTP/1.1" 200 10435
[19/May/2026 08:03:45] "GET / HTTP/1.1" 200 13759
[19/May/2026 08:03:47] "GET /sales/new/ HTTP/1.1" 200 39179
[19/May/2026 08:06:46] "POST /sales/new/ HTTP/1.1" 302 0
[19/May/2026 08:06:46] "GET /sales/2/ HTTP/1.1" 200 8898
[19/May/2026 08:07:05] "GET / HTTP/1.1" 200 14192
